[ 1314973ms] [ERROR] Failed to load resource: the server responded with a status of 500 (Internal Server Error) @ http://localhost:9527/src/views/business/service-log/index.vue?t=1776173741175:0
[ 1314973ms] [ERROR] [vite] Failed to reload /src/views/business/service-log/index.vue. This could be due to syntax errors or importing non-existent modules. (see errors above) @ http://localhost:9527/@vite/client:509
[ 1315499ms] [ERROR] Failed to load resource: the server responded with a status of 500 (Internal Server Error) @ http://localhost:9527/src/views/business/service-log/index.vue?t=1776173741175:0
[ 1315499ms] [WARNING] [Vue Router warn]: uncaught error during route navigation: @ http://localhost:9527/@vite/client:509
[ 1315499ms] [ERROR] TypeError: Failed to fetch dynamically imported module: http://localhost:9527/src/views/business/service-log/index.vue?t=1776173741175 @ http://localhost:9527/@vite/client:509
[ 1315499ms] [WARNING] [Vue Router warn]: Unexpected error when starting the router: TypeError: Failed to fetch dynamically imported module: http://localhost:9527/src/views/business/service-log/index.vue?t=1776173741175 @ http://localhost:9527/@vite/client:509
[ 1315503ms] Failed to fetch dynamically imported module: http://localhost:9527/src/views/business/service-log/index.vue?t=1776173741175
[ 1363880ms] [ERROR] Failed to load resource: the server responded with a status of 500 (Internal Server Error) @ http://localhost:9527/src/views/business/service-log/index.vue?t=1776173789430:0
[ 1363880ms] [WARNING] [Vue Router warn]: uncaught error during route navigation: @ http://localhost:9527/@vite/client:509
[ 1363880ms] [ERROR] TypeError: Failed to fetch dynamically imported module: http://localhost:9527/src/views/business/service-log/index.vue?t=1776173789430 @ http://localhost:9527/@vite/client:509
[ 1363880ms] [WARNING] [Vue Router warn]: Unexpected error when starting the router: TypeError: Failed to fetch dynamically imported module: http://localhost:9527/src/views/business/service-log/index.vue?t=1776173789430 @ http://localhost:9527/@vite/client:509
[ 1363886ms] Failed to fetch dynamically imported module: http://localhost:9527/src/views/business/service-log/index.vue?t=1776173789430
[ 1380208ms] [ERROR] Failed to load resource: the server responded with a status of 500 (Internal Server Error) @ http://localhost:9527/src/views/business/service-log/index.vue?t=1776173805700:0
[ 1380208ms] [WARNING] [Vue Router warn]: uncaught error during route navigation: @ http://localhost:9527/@vite/client:509
[ 1380209ms] [ERROR] TypeError: Failed to fetch dynamically imported module: http://localhost:9527/src/views/business/service-log/index.vue?t=1776173805700 @ http://localhost:9527/@vite/client:509
[ 1380209ms] [WARNING] [Vue Router warn]: Unexpected error when starting the router: TypeError: Failed to fetch dynamically imported module: http://localhost:9527/src/views/business/service-log/index.vue?t=1776173805700 @ http://localhost:9527/@vite/client:509
[ 1380216ms] Failed to fetch dynamically imported module: http://localhost:9527/src/views/business/service-log/index.vue?t=1776173805700
[ 1388439ms] [ERROR] Failed to load resource: the server responded with a status of 500 (Internal Server Error) @ http://localhost:9527/src/views/business/service-log/index.vue?t=1776173813943:0
[ 1388440ms] [WARNING] [Vue Router warn]: uncaught error during route navigation: @ http://localhost:9527/@vite/client:509
[ 1388440ms] [ERROR] TypeError: Failed to fetch dynamically imported module: http://localhost:9527/src/views/business/service-log/index.vue?t=1776173813943 @ http://localhost:9527/@vite/client:509
[ 1388440ms] [WARNING] [Vue Router warn]: Unexpected error when starting the router: TypeError: Failed to fetch dynamically imported module: http://localhost:9527/src/views/business/service-log/index.vue?t=1776173813943 @ http://localhost:9527/@vite/client:509
[ 1388441ms] Failed to fetch dynamically imported module: http://localhost:9527/src/views/business/service-log/index.vue?t=1776173813943
[ 1396398ms] [ERROR] Failed to load resource: the server responded with a status of 500 (Internal Server Error) @ http://localhost:9527/src/views/business/service-log/index.vue?t=1776173822163:0
[ 1396398ms] [WARNING] [Vue Router warn]: uncaught error during route navigation: @ http://localhost:9527/@vite/client:509
[ 1396398ms] [ERROR] TypeError: Failed to fetch dynamically imported module: http://localhost:9527/src/views/business/service-log/index.vue?t=1776173822163 @ http://localhost:9527/@vite/client:509
[ 1396398ms] [WARNING] [Vue Router warn]: Unexpected error when starting the router: TypeError: Failed to fetch dynamically imported module: http://localhost:9527/src/views/business/service-log/index.vue?t=1776173822163 @ http://localhost:9527/@vite/client:509
[ 1396403ms] Failed to fetch dynamically imported module: http://localhost:9527/src/views/business/service-log/index.vue?t=1776173822163
[ 1423978ms] [ERROR] Failed to load resource: the server responded with a status of 500 (Internal Server Error) @ http://localhost:9527/src/views/business/service-log/index.vue?t=1776173849313:0
[ 1423978ms] [WARNING] [Vue Router warn]: uncaught error during route navigation: @ http://localhost:9527/@vite/client:509
[ 1423978ms] [ERROR] TypeError: Failed to fetch dynamically imported module: http://localhost:9527/src/views/business/service-log/index.vue?t=1776173849313 @ http://localhost:9527/@vite/client:509
[ 1423978ms] [WARNING] [Vue Router warn]: Unexpected error when starting the router: TypeError: Failed to fetch dynamically imported module: http://localhost:9527/src/views/business/service-log/index.vue?t=1776173849313 @ http://localhost:9527/@vite/client:509
[ 1423985ms] Failed to fetch dynamically imported module: http://localhost:9527/src/views/business/service-log/index.vue?t=1776173849313
[ 1428701ms] [ERROR] Failed to load resource: the server responded with a status of 500 (Internal Server Error) @ http://localhost:9527/src/views/business/service-log/index.vue?t=1776173854149:0
[ 1428702ms] [WARNING] [Vue Router warn]: uncaught error during route navigation: @ http://localhost:9527/@vite/client:509
[ 1428702ms] [ERROR] TypeError: Failed to fetch dynamically imported module: http://localhost:9527/src/views/business/service-log/index.vue?t=1776173854149 @ http://localhost:9527/@vite/client:509
[ 1428702ms] [WARNING] [Vue Router warn]: Unexpected error when starting the router: TypeError: Failed to fetch dynamically imported module: http://localhost:9527/src/views/business/service-log/index.vue?t=1776173854149 @ http://localhost:9527/@vite/client:509
[ 1428707ms] Failed to fetch dynamically imported module: http://localhost:9527/src/views/business/service-log/index.vue?t=1776173854149
