[      28ms] [LOG] [system] App Hide @ https://yspt.jinyangtong.cn/H5/ZHYLFWD/static/js/chunk-vendors.a4196b87.js:17
[      28ms] [LOG] [system] App Hide @ https://yspt.jinyangtong.cn/H5/ZHYLFWD/static/js/chunk-vendors.a4196b87.js:17
[     348ms] TypeError: Cannot read properties of null (reading 'isSelf')
    at https://yspt.jinyangtong.cn/static/js/app.27578bed.js:1:23761
[    7060ms] [LOG] [system] https://yspt.jinyangtong.cn @ https://yspt.jinyangtong.cn/H5/ZHYLFWD/static/js/chunk-vendors.a4196b87.js:17
[    7065ms] [LOG] [system] %c TIM %c background:#0abf5b; padding:1px; border-radius:3px; color: #fff background:transparent 08:20:06.742 TIM.VERSION:2.27.1 @ https://yspt.jinyangtong.cn/H5/ZHYLFWD/static/js/chunk-vendors.a4196b87.js:17
[    7079ms] [LOG] [system] App Launch @ https://yspt.jinyangtong.cn/H5/ZHYLFWD/static/js/chunk-vendors.a4196b87.js:17
[    7080ms] [LOG] [system] App Show @ https://yspt.jinyangtong.cn/H5/ZHYLFWD/static/js/chunk-vendors.a4196b87.js:17
[    7112ms] [LOG] [system] https://yspt.jinyangtong.cn @ https://yspt.jinyangtong.cn/H5/ZHYLFWD/static/js/chunk-vendors.a4196b87.js:17
[    7116ms] [LOG] [system] %c TIM %c background:#0abf5b; padding:1px; border-radius:3px; color: #fff background:transparent 08:20:06.793 TIM.VERSION:2.27.1 @ https://yspt.jinyangtong.cn/H5/ZHYLFWD/static/js/chunk-vendors.a4196b87.js:17
[    7131ms] [LOG] [system] App Launch @ https://yspt.jinyangtong.cn/H5/ZHYLFWD/static/js/chunk-vendors.a4196b87.js:17
[    7132ms] [LOG] [system] App Show @ https://yspt.jinyangtong.cn/H5/ZHYLFWD/static/js/chunk-vendors.a4196b87.js:17
[    7166ms] [VERBOSE] [DOM] Password field is not contained in a form: (More info: https://goo.gl/9p2vKq) %o @ https://yspt.jinyangtong.cn/H5/ZHYLFWD/index.html#/?system=pgryd&source=shecuntong:0
[    7195ms] [LOG] [system] setIsImageCode {data: Object, statusCode: 200, header: Object, errMsg: request:ok} @ https://yspt.jinyangtong.cn/H5/ZHYLFWD/static/js/chunk-vendors.a4196b87.js:17
[    7195ms] [LOG] [system] setIsImageCode true @ https://yspt.jinyangtong.cn/H5/ZHYLFWD/static/js/chunk-vendors.a4196b87.js:17
[    7195ms] [LOG] [system] false ==setUploadLocationTimer= @ https://yspt.jinyangtong.cn/H5/ZHYLFWD/static/js/chunk-vendors.a4196b87.js:17
[    7196ms] [LOG] [system] JYT @ https://yspt.jinyangtong.cn/H5/ZHYLFWD/static/js/chunk-vendors.a4196b87.js:17
[    7196ms] [LOG] [system] 页面参数 {"system":"pgryd","source":"shecuntong"} @ https://yspt.jinyangtong.cn/H5/ZHYLFWD/static/js/chunk-vendors.a4196b87.js:17
[    7196ms] [LOG] [system] {system: pgryd, source: shecuntong} @ https://yspt.jinyangtong.cn/H5/ZHYLFWD/static/js/chunk-vendors.a4196b87.js:17
[    7199ms] [LOG] [system] false ==== false @ https://yspt.jinyangtong.cn/H5/ZHYLFWD/static/js/chunk-vendors.a4196b87.js:17
[    7203ms] [LOG] [system] https://yspt.jinyangtong.cn/enclosure/kingon/upload/20230224/8d4e8ab3998e8684e23839b52c75ab80.png @ https://yspt.jinyangtong.cn/H5/ZHYLFWD/static/js/chunk-vendors.a4196b87.js:17
[    7204ms] [LOG] [system] Version:  1.0.9 @ https://yspt.jinyangtong.cn/H5/ZHYLFWD/static/js/chunk-vendors.a4196b87.js:17
[    7204ms] [LOG] initSoftDate： {ApplicationKey: undefined, ApplicationURL: undefined, UpdateURL: undefined, FinishUpdateURL: undefined, Version: undefined} @ https://yspt.jinyangtong.cn/H5/ZHYLFWD/static/adapt-pc/main.js:10
[    7211ms] [LOG] [system] /H5 -query> {system: pgryd, source: shecuntong} @ https://yspt.jinyangtong.cn/H5/ZHYLFWD/static/js/chunk-vendors.a4196b87.js:17
[    7219ms] [LOG] [system] setIsImageCode {data: Object, statusCode: 200, header: Object, errMsg: request:ok} @ https://yspt.jinyangtong.cn/H5/ZHYLFWD/static/js/chunk-vendors.a4196b87.js:17
[    7219ms] [LOG] [system] setIsImageCode true @ https://yspt.jinyangtong.cn/H5/ZHYLFWD/static/js/chunk-vendors.a4196b87.js:17
[    7219ms] [LOG] [system] false ==setUploadLocationTimer= @ https://yspt.jinyangtong.cn/H5/ZHYLFWD/static/js/chunk-vendors.a4196b87.js:17
[    7219ms] [LOG] [system] JYT @ https://yspt.jinyangtong.cn/H5/ZHYLFWD/static/js/chunk-vendors.a4196b87.js:17
[    7219ms] [LOG] [system] 页面参数 {"system":"pgryd","source":"shecuntong"} @ https://yspt.jinyangtong.cn/H5/ZHYLFWD/static/js/chunk-vendors.a4196b87.js:17
[    7220ms] [LOG] [system] {system: pgryd, source: shecuntong} @ https://yspt.jinyangtong.cn/H5/ZHYLFWD/static/js/chunk-vendors.a4196b87.js:17
[    7223ms] [LOG] [system] false ==== false @ https://yspt.jinyangtong.cn/H5/ZHYLFWD/static/js/chunk-vendors.a4196b87.js:17
[    7290ms] [LOG] [system] https://yspt.jinyangtong.cn/enclosure/kingon/upload/20230224/8d4e8ab3998e8684e23839b52c75ab80.png @ https://yspt.jinyangtong.cn/H5/ZHYLFWD/static/js/chunk-vendors.a4196b87.js:17
[    7291ms] [LOG] [system] Version:  1.0.9 @ https://yspt.jinyangtong.cn/H5/ZHYLFWD/static/js/chunk-vendors.a4196b87.js:17
[    7292ms] [LOG] [system] /H5 -query> {system: pgryd, source: shecuntong} @ https://yspt.jinyangtong.cn/H5/ZHYLFWD/static/js/chunk-vendors.a4196b87.js:17
