[      27ms] [LOG] [system] App Hide @ https://yspt.jinyangtong.cn/H5/ZHYLFWD/static/js/chunk-vendors.a4196b87.js:17
[      28ms] [LOG] [system] App Hide @ https://yspt.jinyangtong.cn/H5/ZHYLFWD/static/js/chunk-vendors.a4196b87.js:17
[    5239ms] [LOG] [system] https://yspt.jinyangtong.cn @ https://yspt.jinyangtong.cn/H5/ZHYLFWD/static/js/chunk-vendors.a4196b87.js:17
[    5242ms] [LOG] [system] %c TIM %c background:#0abf5b; padding:1px; border-radius:3px; color: #fff background:transparent 08:57:47.709 TIM.VERSION:2.27.1 @ https://yspt.jinyangtong.cn/H5/ZHYLFWD/static/js/chunk-vendors.a4196b87.js:17
[    5255ms] [LOG] [system] App Launch @ https://yspt.jinyangtong.cn/H5/ZHYLFWD/static/js/chunk-vendors.a4196b87.js:17
[    5256ms] [LOG] [system] App Show @ https://yspt.jinyangtong.cn/H5/ZHYLFWD/static/js/chunk-vendors.a4196b87.js:17
[    5269ms] [VERBOSE] [DOM] Password field is not contained in a form: (More info: https://goo.gl/9p2vKq) %o @ https://yspt.jinyangtong.cn/H5/ZHYLFWD/index.html#/?system=szy&source=shecuntong:0
[    5280ms] [LOG] [system] https://yspt.jinyangtong.cn @ https://yspt.jinyangtong.cn/H5/ZHYLFWD/static/js/chunk-vendors.a4196b87.js:17
[    5284ms] [LOG] [system] %c TIM %c background:#0abf5b; padding:1px; border-radius:3px; color: #fff background:transparent 08:57:47.750 TIM.VERSION:2.27.1 @ https://yspt.jinyangtong.cn/H5/ZHYLFWD/static/js/chunk-vendors.a4196b87.js:17
[    5296ms] [LOG] [system] App Launch @ https://yspt.jinyangtong.cn/H5/ZHYLFWD/static/js/chunk-vendors.a4196b87.js:17
[    5297ms] [LOG] [system] App Show @ https://yspt.jinyangtong.cn/H5/ZHYLFWD/static/js/chunk-vendors.a4196b87.js:17
[    5308ms] [VERBOSE] [DOM] Password field is not contained in a form: (More info: https://goo.gl/9p2vKq) %o @ https://yspt.jinyangtong.cn/H5/ZHYLFWD/index.html#/?system=szy&source=shecuntong:0
[    5312ms] [LOG] [system] setIsImageCode {data: Object, statusCode: 200, header: Object, errMsg: request:ok} @ https://yspt.jinyangtong.cn/H5/ZHYLFWD/static/js/chunk-vendors.a4196b87.js:17
[    5312ms] [LOG] [system] setIsImageCode true @ https://yspt.jinyangtong.cn/H5/ZHYLFWD/static/js/chunk-vendors.a4196b87.js:17
[    5313ms] [LOG] [system] false ==setUploadLocationTimer= @ https://yspt.jinyangtong.cn/H5/ZHYLFWD/static/js/chunk-vendors.a4196b87.js:17
[    5313ms] [LOG] [system] JYT @ https://yspt.jinyangtong.cn/H5/ZHYLFWD/static/js/chunk-vendors.a4196b87.js:17
[    5313ms] [LOG] [system] 页面参数 {"system":"szy","source":"shecuntong"} @ https://yspt.jinyangtong.cn/H5/ZHYLFWD/static/js/chunk-vendors.a4196b87.js:17
[    5313ms] [LOG] [system] {system: szy, source: shecuntong} @ https://yspt.jinyangtong.cn/H5/ZHYLFWD/static/js/chunk-vendors.a4196b87.js:17
[    5316ms] [LOG] [system] false ==== false @ https://yspt.jinyangtong.cn/H5/ZHYLFWD/static/js/chunk-vendors.a4196b87.js:17
[    5355ms] [LOG] [system] setIsImageCode {data: Object, statusCode: 200, header: Object, errMsg: request:ok} @ https://yspt.jinyangtong.cn/H5/ZHYLFWD/static/js/chunk-vendors.a4196b87.js:17
[    5355ms] [LOG] [system] setIsImageCode true @ https://yspt.jinyangtong.cn/H5/ZHYLFWD/static/js/chunk-vendors.a4196b87.js:17
[    5356ms] [LOG] [system] false ==setUploadLocationTimer= @ https://yspt.jinyangtong.cn/H5/ZHYLFWD/static/js/chunk-vendors.a4196b87.js:17
[    5356ms] [LOG] [system] JYT @ https://yspt.jinyangtong.cn/H5/ZHYLFWD/static/js/chunk-vendors.a4196b87.js:17
[    5356ms] [LOG] [system] 页面参数 {"system":"szy","source":"shecuntong"} @ https://yspt.jinyangtong.cn/H5/ZHYLFWD/static/js/chunk-vendors.a4196b87.js:17
[    5356ms] [LOG] [system] {system: szy, source: shecuntong} @ https://yspt.jinyangtong.cn/H5/ZHYLFWD/static/js/chunk-vendors.a4196b87.js:17
[    5359ms] [LOG] [system] false ==== false @ https://yspt.jinyangtong.cn/H5/ZHYLFWD/static/js/chunk-vendors.a4196b87.js:17
[    5421ms] [LOG] [system] https://yspt.jinyangtong.cn/enclosure/kingon/upload/20230224/8d4e8ab3998e8684e23839b52c75ab80.png @ https://yspt.jinyangtong.cn/H5/ZHYLFWD/static/js/chunk-vendors.a4196b87.js:17
[    5422ms] [LOG] [system] Version:  1.0.9 @ https://yspt.jinyangtong.cn/H5/ZHYLFWD/static/js/chunk-vendors.a4196b87.js:17
[    5422ms] [LOG] initSoftDate： {ApplicationKey: undefined, ApplicationURL: undefined, UpdateURL: undefined, FinishUpdateURL: undefined, Version: undefined} @ https://yspt.jinyangtong.cn/H5/ZHYLFWD/static/adapt-pc/main.js:10
[    5429ms] [LOG] [system] /H5 -query> {system: szy, source: shecuntong} @ https://yspt.jinyangtong.cn/H5/ZHYLFWD/static/js/chunk-vendors.a4196b87.js:17
[    5613ms] [LOG] [system] https://yspt.jinyangtong.cn/enclosure/kingon/upload/20230224/8d4e8ab3998e8684e23839b52c75ab80.png @ https://yspt.jinyangtong.cn/H5/ZHYLFWD/static/js/chunk-vendors.a4196b87.js:17
[    5615ms] [LOG] [system] Version:  1.0.9 @ https://yspt.jinyangtong.cn/H5/ZHYLFWD/static/js/chunk-vendors.a4196b87.js:17
[    5615ms] [LOG] [system] /H5 -query> {system: szy, source: shecuntong} @ https://yspt.jinyangtong.cn/H5/ZHYLFWD/static/js/chunk-vendors.a4196b87.js:17
