[      23ms] [LOG] [system] App Hide @ https://yspt.jinyangtong.cn/H5/ZHYLFWD/static/js/chunk-vendors.a4196b87.js:17
[      23ms] [LOG] [system] App Hide @ https://yspt.jinyangtong.cn/H5/ZHYLFWD/static/js/chunk-vendors.a4196b87.js:17
[     399ms] TypeError: Cannot read properties of null (reading 'isSelf')
    at https://yspt.jinyangtong.cn/static/js/app.27578bed.js:1:23761
[    7658ms] [LOG] [system] https://yspt.jinyangtong.cn @ https://yspt.jinyangtong.cn/H5/ZHYLFWD/static/js/chunk-vendors.a4196b87.js:17
[    7662ms] [LOG] [system] %c TIM %c background:#0abf5b; padding:1px; border-radius:3px; color: #fff background:transparent 08:19:45.414 TIM.VERSION:2.27.1 @ https://yspt.jinyangtong.cn/H5/ZHYLFWD/static/js/chunk-vendors.a4196b87.js:17
[    7675ms] [LOG] [system] App Launch @ https://yspt.jinyangtong.cn/H5/ZHYLFWD/static/js/chunk-vendors.a4196b87.js:17
[    7676ms] [LOG] [system] App Show @ https://yspt.jinyangtong.cn/H5/ZHYLFWD/static/js/chunk-vendors.a4196b87.js:17
[    7706ms] [LOG] [system] https://yspt.jinyangtong.cn @ https://yspt.jinyangtong.cn/H5/ZHYLFWD/static/js/chunk-vendors.a4196b87.js:17
[    7710ms] [LOG] [system] %c TIM %c background:#0abf5b; padding:1px; border-radius:3px; color: #fff background:transparent 08:19:45.463 TIM.VERSION:2.27.1 @ https://yspt.jinyangtong.cn/H5/ZHYLFWD/static/js/chunk-vendors.a4196b87.js:17
[    7724ms] [LOG] [system] App Launch @ https://yspt.jinyangtong.cn/H5/ZHYLFWD/static/js/chunk-vendors.a4196b87.js:17
[    7725ms] [LOG] [system] App Show @ https://yspt.jinyangtong.cn/H5/ZHYLFWD/static/js/chunk-vendors.a4196b87.js:17
[    7771ms] [VERBOSE] [DOM] Password field is not contained in a form: (More info: https://goo.gl/9p2vKq) %o @ https://yspt.jinyangtong.cn/H5/ZHYLFWD/index.html#/?system=szy&source=shecuntong:0
[    7796ms] [LOG] [system] setIsImageCode {data: Object, statusCode: 200, header: Object, errMsg: request:ok} @ https://yspt.jinyangtong.cn/H5/ZHYLFWD/static/js/chunk-vendors.a4196b87.js:17
[    7796ms] [LOG] [system] setIsImageCode true @ https://yspt.jinyangtong.cn/H5/ZHYLFWD/static/js/chunk-vendors.a4196b87.js:17
[    7796ms] [LOG] [system] false ==setUploadLocationTimer= @ https://yspt.jinyangtong.cn/H5/ZHYLFWD/static/js/chunk-vendors.a4196b87.js:17
[    7796ms] [LOG] [system] JYT @ https://yspt.jinyangtong.cn/H5/ZHYLFWD/static/js/chunk-vendors.a4196b87.js:17
[    7796ms] [LOG] [system] 页面参数 {"system":"szy","source":"shecuntong"} @ https://yspt.jinyangtong.cn/H5/ZHYLFWD/static/js/chunk-vendors.a4196b87.js:17
[    7796ms] [LOG] [system] {system: szy, source: shecuntong} @ https://yspt.jinyangtong.cn/H5/ZHYLFWD/static/js/chunk-vendors.a4196b87.js:17
[    7799ms] [LOG] [system] false ==== false @ https://yspt.jinyangtong.cn/H5/ZHYLFWD/static/js/chunk-vendors.a4196b87.js:17
[    7805ms] [LOG] [system] https://yspt.jinyangtong.cn/enclosure/kingon/upload/20230224/8d4e8ab3998e8684e23839b52c75ab80.png @ https://yspt.jinyangtong.cn/H5/ZHYLFWD/static/js/chunk-vendors.a4196b87.js:17
[    7806ms] [LOG] [system] Version:  1.0.9 @ https://yspt.jinyangtong.cn/H5/ZHYLFWD/static/js/chunk-vendors.a4196b87.js:17
[    7806ms] [LOG] initSoftDate： {ApplicationKey: undefined, ApplicationURL: undefined, UpdateURL: undefined, FinishUpdateURL: undefined, Version: undefined} @ https://yspt.jinyangtong.cn/H5/ZHYLFWD/static/adapt-pc/main.js:10
[    7814ms] [LOG] [system] /H5 -query> {system: szy, source: shecuntong} @ https://yspt.jinyangtong.cn/H5/ZHYLFWD/static/js/chunk-vendors.a4196b87.js:17
[    7846ms] [LOG] [system] setIsImageCode {data: Object, statusCode: 200, header: Object, errMsg: request:ok} @ https://yspt.jinyangtong.cn/H5/ZHYLFWD/static/js/chunk-vendors.a4196b87.js:17
[    7846ms] [LOG] [system] setIsImageCode true @ https://yspt.jinyangtong.cn/H5/ZHYLFWD/static/js/chunk-vendors.a4196b87.js:17
[    7846ms] [LOG] [system] false ==setUploadLocationTimer= @ https://yspt.jinyangtong.cn/H5/ZHYLFWD/static/js/chunk-vendors.a4196b87.js:17
[    7846ms] [LOG] [system] JYT @ https://yspt.jinyangtong.cn/H5/ZHYLFWD/static/js/chunk-vendors.a4196b87.js:17
[    7846ms] [LOG] [system] 页面参数 {"system":"szy","source":"shecuntong"} @ https://yspt.jinyangtong.cn/H5/ZHYLFWD/static/js/chunk-vendors.a4196b87.js:17
[    7846ms] [LOG] [system] {system: szy, source: shecuntong} @ https://yspt.jinyangtong.cn/H5/ZHYLFWD/static/js/chunk-vendors.a4196b87.js:17
[    7849ms] [LOG] [system] false ==== false @ https://yspt.jinyangtong.cn/H5/ZHYLFWD/static/js/chunk-vendors.a4196b87.js:17
[    7932ms] [LOG] [system] https://yspt.jinyangtong.cn/enclosure/kingon/upload/20230224/8d4e8ab3998e8684e23839b52c75ab80.png @ https://yspt.jinyangtong.cn/H5/ZHYLFWD/static/js/chunk-vendors.a4196b87.js:17
[    7934ms] [LOG] [system] Version:  1.0.9 @ https://yspt.jinyangtong.cn/H5/ZHYLFWD/static/js/chunk-vendors.a4196b87.js:17
[    7934ms] [LOG] [system] /H5 -query> {system: szy, source: shecuntong} @ https://yspt.jinyangtong.cn/H5/ZHYLFWD/static/js/chunk-vendors.a4196b87.js:17
