[   39033ms] [LOG] 关闭连接 @ https://yspt.jinyangtong.cn/static/js/chunk-views.a88fa422.js:0
[   39281ms] [LOG] socket连接成功 @ https://yspt.jinyangtong.cn/static/js/chunk-views.a88fa422.js:0
[   49877ms] [LOG] 关闭连接 @ https://yspt.jinyangtong.cn/static/js/chunk-views.a88fa422.js:0
[   49938ms] [LOG] 断开连接 @ https://yspt.jinyangtong.cn/static/js/chunk-views.a88fa422.js:0
[   49938ms] [LOG] 关闭连接 @ https://yspt.jinyangtong.cn/static/js/chunk-views.a88fa422.js:0
[   50159ms] [LOG] socket连接成功 @ https://yspt.jinyangtong.cn/static/js/chunk-views.a88fa422.js:0
[   68232ms] [LOG] 关闭连接 @ https://yspt.jinyangtong.cn/static/js/chunk-views.a88fa422.js:0
[   68488ms] [LOG] socket连接成功 @ https://yspt.jinyangtong.cn/static/js/chunk-views.a88fa422.js:0
[   73321ms] [LOG] 关闭连接 @ https://yspt.jinyangtong.cn/static/js/chunk-views.a88fa422.js:0
[   73377ms] [LOG] 断开连接 @ https://yspt.jinyangtong.cn/static/js/chunk-views.a88fa422.js:0
[   73378ms] [LOG] 关闭连接 @ https://yspt.jinyangtong.cn/static/js/chunk-views.a88fa422.js:0
[   73828ms] [LOG] socket连接成功 @ https://yspt.jinyangtong.cn/static/js/chunk-views.a88fa422.js:0
[   92588ms] [LOG] 关闭连接 @ https://yspt.jinyangtong.cn/static/js/chunk-views.a88fa422.js:0
[   92985ms] [LOG] socket连接成功 @ https://yspt.jinyangtong.cn/static/js/chunk-views.a88fa422.js:0
[   97754ms] [LOG] 关闭连接 @ https://yspt.jinyangtong.cn/static/js/chunk-views.a88fa422.js:0
[   97811ms] [LOG] 断开连接 @ https://yspt.jinyangtong.cn/static/js/chunk-views.a88fa422.js:0
[   97811ms] [LOG] 关闭连接 @ https://yspt.jinyangtong.cn/static/js/chunk-views.a88fa422.js:0
[   98084ms] [LOG] socket连接成功 @ https://yspt.jinyangtong.cn/static/js/chunk-views.a88fa422.js:0
[  105421ms] [LOG] 关闭连接 @ https://yspt.jinyangtong.cn/static/js/chunk-views.a88fa422.js:0
[  105708ms] [LOG] socket连接成功 @ https://yspt.jinyangtong.cn/static/js/chunk-views.a88fa422.js:0
[  110568ms] [LOG] 关闭连接 @ https://yspt.jinyangtong.cn/static/js/chunk-views.a88fa422.js:0
[  110636ms] [LOG] 断开连接 @ https://yspt.jinyangtong.cn/static/js/chunk-views.a88fa422.js:0
[  110636ms] [LOG] 关闭连接 @ https://yspt.jinyangtong.cn/static/js/chunk-views.a88fa422.js:0
[  110825ms] [LOG] socket连接成功 @ https://yspt.jinyangtong.cn/static/js/chunk-views.a88fa422.js:0
[  118253ms] [LOG] 关闭连接 @ https://yspt.jinyangtong.cn/static/js/chunk-views.a88fa422.js:0
[  118542ms] [LOG] socket连接成功 @ https://yspt.jinyangtong.cn/static/js/chunk-views.a88fa422.js:0
[  123379ms] [LOG] 关闭连接 @ https://yspt.jinyangtong.cn/static/js/chunk-views.a88fa422.js:0
[  123473ms] [LOG] 断开连接 @ https://yspt.jinyangtong.cn/static/js/chunk-views.a88fa422.js:0
[  123473ms] [LOG] 关闭连接 @ https://yspt.jinyangtong.cn/static/js/chunk-views.a88fa422.js:0
[  123622ms] [LOG] socket连接成功 @ https://yspt.jinyangtong.cn/static/js/chunk-views.a88fa422.js:0
[  130750ms] [LOG] 关闭连接 @ https://yspt.jinyangtong.cn/static/js/chunk-views.a88fa422.js:0
[  130998ms] [LOG] socket连接成功 @ https://yspt.jinyangtong.cn/static/js/chunk-views.a88fa422.js:0
[  135959ms] [LOG] 关闭连接 @ https://yspt.jinyangtong.cn/static/js/chunk-views.a88fa422.js:0
[  136013ms] [LOG] 断开连接 @ https://yspt.jinyangtong.cn/static/js/chunk-views.a88fa422.js:0
[  136013ms] [LOG] 关闭连接 @ https://yspt.jinyangtong.cn/static/js/chunk-views.a88fa422.js:0
[  136245ms] [LOG] socket连接成功 @ https://yspt.jinyangtong.cn/static/js/chunk-views.a88fa422.js:0
[  143912ms] [LOG] 关闭连接 @ https://yspt.jinyangtong.cn/static/js/chunk-views.a88fa422.js:0
[  144138ms] [LOG] socket连接成功 @ https://yspt.jinyangtong.cn/static/js/chunk-views.a88fa422.js:0
[  149153ms] [LOG] 关闭连接 @ https://yspt.jinyangtong.cn/static/js/chunk-views.a88fa422.js:0
[  149203ms] [LOG] 断开连接 @ https://yspt.jinyangtong.cn/static/js/chunk-views.a88fa422.js:0
[  149203ms] [LOG] 关闭连接 @ https://yspt.jinyangtong.cn/static/js/chunk-views.a88fa422.js:0
[  149522ms] [LOG] socket连接成功 @ https://yspt.jinyangtong.cn/static/js/chunk-views.a88fa422.js:0
[  156479ms] [LOG] 关闭连接 @ https://yspt.jinyangtong.cn/static/js/chunk-views.a88fa422.js:0
[  156686ms] [LOG] socket连接成功 @ https://yspt.jinyangtong.cn/static/js/chunk-views.a88fa422.js:0
[  161665ms] [LOG] 关闭连接 @ https://yspt.jinyangtong.cn/static/js/chunk-views.a88fa422.js:0
[  161716ms] [LOG] 断开连接 @ https://yspt.jinyangtong.cn/static/js/chunk-views.a88fa422.js:0
[  161716ms] [LOG] 关闭连接 @ https://yspt.jinyangtong.cn/static/js/chunk-views.a88fa422.js:0
[  162023ms] [LOG] socket连接成功 @ https://yspt.jinyangtong.cn/static/js/chunk-views.a88fa422.js:0
[  169038ms] [LOG] 关闭连接 @ https://yspt.jinyangtong.cn/static/js/chunk-views.a88fa422.js:0
[  169201ms] [LOG] socket连接成功 @ https://yspt.jinyangtong.cn/static/js/chunk-views.a88fa422.js:0
[  174218ms] [LOG] 关闭连接 @ https://yspt.jinyangtong.cn/static/js/chunk-views.a88fa422.js:0
[  174358ms] [LOG] 断开连接 @ https://yspt.jinyangtong.cn/static/js/chunk-views.a88fa422.js:0
[  174358ms] [LOG] 关闭连接 @ https://yspt.jinyangtong.cn/static/js/chunk-views.a88fa422.js:0
[  174542ms] [LOG] socket连接成功 @ https://yspt.jinyangtong.cn/static/js/chunk-views.a88fa422.js:0
[  181782ms] [LOG] 关闭连接 @ https://yspt.jinyangtong.cn/static/js/chunk-views.a88fa422.js:0
[  181966ms] [LOG] socket连接成功 @ https://yspt.jinyangtong.cn/static/js/chunk-views.a88fa422.js:0
[  186956ms] [LOG] 关闭连接 @ https://yspt.jinyangtong.cn/static/js/chunk-views.a88fa422.js:0
[  187016ms] [LOG] 断开连接 @ https://yspt.jinyangtong.cn/static/js/chunk-views.a88fa422.js:0
[  187016ms] [LOG] 关闭连接 @ https://yspt.jinyangtong.cn/static/js/chunk-views.a88fa422.js:0
[  187299ms] [LOG] socket连接成功 @ https://yspt.jinyangtong.cn/static/js/chunk-views.a88fa422.js:0
[  194345ms] [LOG] 关闭连接 @ https://yspt.jinyangtong.cn/static/js/chunk-views.a88fa422.js:0
[  194587ms] [LOG] socket连接成功 @ https://yspt.jinyangtong.cn/static/js/chunk-views.a88fa422.js:0
[  199503ms] [LOG] 关闭连接 @ https://yspt.jinyangtong.cn/static/js/chunk-views.a88fa422.js:0
[  199561ms] [LOG] 断开连接 @ https://yspt.jinyangtong.cn/static/js/chunk-views.a88fa422.js:0
[  199561ms] [LOG] 关闭连接 @ https://yspt.jinyangtong.cn/static/js/chunk-views.a88fa422.js:0
[  199835ms] [LOG] socket连接成功 @ https://yspt.jinyangtong.cn/static/js/chunk-views.a88fa422.js:0
[  206977ms] [LOG] 关闭连接 @ https://yspt.jinyangtong.cn/static/js/chunk-views.a88fa422.js:0
[  207262ms] [LOG] socket连接成功 @ https://yspt.jinyangtong.cn/static/js/chunk-views.a88fa422.js:0
[  212250ms] [LOG] 关闭连接 @ https://yspt.jinyangtong.cn/static/js/chunk-views.a88fa422.js:0
[  212303ms] [LOG] 断开连接 @ https://yspt.jinyangtong.cn/static/js/chunk-views.a88fa422.js:0
[  212303ms] [LOG] 关闭连接 @ https://yspt.jinyangtong.cn/static/js/chunk-views.a88fa422.js:0
[  212609ms] [LOG] socket连接成功 @ https://yspt.jinyangtong.cn/static/js/chunk-views.a88fa422.js:0
[  230181ms] [LOG] 断开连接 @ https://yspt.jinyangtong.cn/static/js/chunk-views.a88fa422.js:0
[  230181ms] [LOG] 关闭连接 @ https://yspt.jinyangtong.cn/static/js/chunk-views.a88fa422.js:0
[  230227ms] [LOG] 断开连接 @ https://yspt.jinyangtong.cn/static/js/chunk-views.a88fa422.js:0
[  230227ms] [LOG] 关闭连接 @ https://yspt.jinyangtong.cn/static/js/chunk-views.a88fa422.js:0
[  230227ms] [WARNING] WebSocket connection to 'wss://yspt.jinyangtong.cn/socketkingon/kingon-push/socket/eyJhbGciOiJIUzI1NiIsInR5cCI6IkpXVCJ9.eyJ0ZW5hbnRfaWQiOiIwMDAwMDAiLCJJcy1BcHAiOiIwIiwidXNlcl9uYW1lIjoi6Ziz5YWJ5bCP5bqXIiwicmVhbF9uYW1lIjoi6Ziz5YWJ5bCP5bqXIiwic291cmNlIjoic2hlY3VudG9uZyIsImNsaWVudF9pZCI6InNhYmVyIiwidXNlcl90eXBlIjoxLCJyb2xlX2lkIjoiMTE5IiwiZ3JhbnRfdHlwZSI6InBhc3N3b3JkX2ZyZWUiLCJzY29wZSI6WyJhbGwiXSwibG9naW5fcm9sZSI6W3siaWQiOiIxMTkiLCJyb2xlTmFtZSI6IuWVhuWTgeWVhuWutiIsInJvbGVBbGlhcyI6InNlcnZpY2VfZ29vZHMiLCJmaXhlZFJvbGUiOiIwIiwicmVnaW9uU2Nv...ZC8yMDIzMDMyMC82NDk5MTY2OGFhNmM5ZTgyMTkwNThhMjRmNzFjYTlhNi5qcGciLCJhdXRob3JpdGllcyI6WyJzZXJ2aWNlX2dvb2RzIl0sInNpZ25fdGltZSI6MTc3NTI2MTkwOTUyOSwicm9sZV9uYW1lIjoic2VydmljZV9nb29kcyIsImxpY2Vuc2UiOiJwb3dlcmVkIGJ5IEtpbmdvblgiLCJwb3N0X2lkIjoiIiwidXNlcl9pZCI6IjE1NzU2NzU2MDkwODEzMDMwNDIiLCJuaWNrX25hbWUiOiJ0ZXN06Ieq6JClIiwiZGV0YWlsIjp7InR5cGUiOiJ3ZWIifSwiZGVwdF9pZCI6IjE1Mjg2MzkyODY2NjgyNjc1MjEiLCJhY2NvdW50Ijoi6Ziz5YWJ5bCP5bqXIiwicmVnaW9uX2NvZGUiOiIwMCw0NTAwMDAwMDAwMDAifQ.Z_jRuyQYcfY4HuHG68bGuEfeqNEaBosTLCuJtVq6sY0' failed: WebSocket is closed before the connection is established. @ https://yspt.jinyangtong.cn/static/js/chunk-views.a88fa422.js:0
[  230228ms] [LOG] 连接错误 @ https://yspt.jinyangtong.cn/static/js/chunk-views.a88fa422.js:0
[  230228ms] [LOG] 断开连接 @ https://yspt.jinyangtong.cn/static/js/chunk-views.a88fa422.js:0
[  230228ms] [LOG] 关闭连接 @ https://yspt.jinyangtong.cn/static/js/chunk-views.a88fa422.js:0
[  230228ms] [WARNING] WebSocket connection to 'wss://yspt.jinyangtong.cn/socketkingon/kingon-push/socket/eyJhbGciOiJIUzI1NiIsInR5cCI6IkpXVCJ9.eyJ0ZW5hbnRfaWQiOiIwMDAwMDAiLCJJcy1BcHAiOiIwIiwidXNlcl9uYW1lIjoi6Ziz5YWJ5bCP5bqXIiwicmVhbF9uYW1lIjoi6Ziz5YWJ5bCP5bqXIiwic291cmNlIjoic2hlY3VudG9uZyIsImNsaWVudF9pZCI6InNhYmVyIiwidXNlcl90eXBlIjoxLCJyb2xlX2lkIjoiMTE5IiwiZ3JhbnRfdHlwZSI6InBhc3N3b3JkX2ZyZWUiLCJzY29wZSI6WyJhbGwiXSwibG9naW5fcm9sZSI6W3siaWQiOiIxMTkiLCJyb2xlTmFtZSI6IuWVhuWTgeWVhuWutiIsInJvbGVBbGlhcyI6InNlcnZpY2VfZ29vZHMiLCJmaXhlZFJvbGUiOiIwIiwicmVnaW9uU2Nv...ZC8yMDIzMDMyMC82NDk5MTY2OGFhNmM5ZTgyMTkwNThhMjRmNzFjYTlhNi5qcGciLCJhdXRob3JpdGllcyI6WyJzZXJ2aWNlX2dvb2RzIl0sInNpZ25fdGltZSI6MTc3NTI2MTkwOTUyOSwicm9sZV9uYW1lIjoic2VydmljZV9nb29kcyIsImxpY2Vuc2UiOiJwb3dlcmVkIGJ5IEtpbmdvblgiLCJwb3N0X2lkIjoiIiwidXNlcl9pZCI6IjE1NzU2NzU2MDkwODEzMDMwNDIiLCJuaWNrX25hbWUiOiJ0ZXN06Ieq6JClIiwiZGV0YWlsIjp7InR5cGUiOiJ3ZWIifSwiZGVwdF9pZCI6IjE1Mjg2MzkyODY2NjgyNjc1MjEiLCJhY2NvdW50Ijoi6Ziz5YWJ5bCP5bqXIiwicmVnaW9uX2NvZGUiOiIwMCw0NTAwMDAwMDAwMDAifQ.Z_jRuyQYcfY4HuHG68bGuEfeqNEaBosTLCuJtVq6sY0' failed: WebSocket is closed before the connection is established. @ https://yspt.jinyangtong.cn/static/js/chunk-views.a88fa422.js:0
[  230230ms] [LOG] 连接错误 @ https://yspt.jinyangtong.cn/static/js/chunk-views.a88fa422.js:0
[  230230ms] [LOG] 断开连接 @ https://yspt.jinyangtong.cn/static/js/chunk-views.a88fa422.js:0
[  230464ms] [LOG] socket连接成功 @ https://yspt.jinyangtong.cn/static/js/chunk-views.a88fa422.js:0
[  233267ms] [LOG] [system] %c TIM %c background:#0abf5b; padding:1px; border-radius:3px; color: #fff background:transparent 08:18:55.640 TIM.VERSION:2.27.1 @ https://yspt.jinyangtong.cn/H5/ZHYL/static/js/chunk-vendors.dba25de7.js:17
[  233288ms] [LOG] [system] uniListen error TypeError: uni.onLocaleChange is not a function
    at Object.onLocaleChange (https://yspt.jinyangtong.cn/H5/ZHYL/static/js/index.5059c37a.js:2:135575)
    at Object.install (https://yspt.jinyangtong.cn/H5/ZHYL/static/js/index.5059c37a.js:2:132914)
    at l (https://yspt.jinyangtong.cn/H5/ZHYL/static/js/index.5059c37a.js:4:117741)
    at Object.install (https://yspt.jinyangtong.cn/H5/ZHYL/static/js/index.5059c37a.js:22:14)
    at Tr.e.use (https://yspt.jinyangtong.cn/H5/ZHYL/static/js/chunk-vendors.dba25de7.js:36:36381)
    at 56d7 (https://yspt.jinyangtong.cn/H5/ZHYL/static/js/index.5059c37a.js:2:129757)
    at s (https://yspt.jinyangtong.cn/H5/ZHYL/static/js/index.5059c37a.js:1:52150)
    at 0 (https://yspt.jinyangtong.cn/H5/ZHYL/static/js/index.5059c37a.js:1:53870)
    at s (https://yspt.jinyangtong.cn/H5/ZHYL/static/js/index.5059c37a.js:1:52150)
    at t (https://yspt.jinyangtong.cn/H5/ZHYL/static/js/index.5059c37a.js:1:431) @ https://yspt.jinyangtong.cn/H5/ZHYL/static/js/chunk-vendors.dba25de7.js:17
[  233313ms] [LOG] [system] App Launch false @ https://yspt.jinyangtong.cn/H5/ZHYL/static/js/chunk-vendors.dba25de7.js:17
[  233315ms] [LOG] [system] App Show @ https://yspt.jinyangtong.cn/H5/ZHYL/static/js/chunk-vendors.dba25de7.js:17
[  233331ms] [LOG] [system] %c TIM %c background:#0abf5b; padding:1px; border-radius:3px; color: #fff background:transparent 08:18:55.729 TIM.VERSION:2.27.1 @ https://yspt.jinyangtong.cn/H5/ZHYL/static/js/chunk-vendors.dba25de7.js:17
[  233339ms] [LOG] [system] uniListen error TypeError: uni.onLocaleChange is not a function
    at Object.onLocaleChange (https://yspt.jinyangtong.cn/H5/ZHYL/static/js/index.5059c37a.js:2:135575)
    at Object.install (https://yspt.jinyangtong.cn/H5/ZHYL/static/js/index.5059c37a.js:2:132914)
    at l (https://yspt.jinyangtong.cn/H5/ZHYL/static/js/index.5059c37a.js:4:117741)
    at Object.install (https://yspt.jinyangtong.cn/H5/ZHYL/static/js/index.5059c37a.js:22:14)
    at Tr.e.use (https://yspt.jinyangtong.cn/H5/ZHYL/static/js/chunk-vendors.dba25de7.js:36:36381)
    at 56d7 (https://yspt.jinyangtong.cn/H5/ZHYL/static/js/index.5059c37a.js:2:129757)
    at s (https://yspt.jinyangtong.cn/H5/ZHYL/static/js/index.5059c37a.js:1:52150)
    at 0 (https://yspt.jinyangtong.cn/H5/ZHYL/static/js/index.5059c37a.js:1:53870)
    at s (https://yspt.jinyangtong.cn/H5/ZHYL/static/js/index.5059c37a.js:1:52150)
    at t (https://yspt.jinyangtong.cn/H5/ZHYL/static/js/index.5059c37a.js:1:431) @ https://yspt.jinyangtong.cn/H5/ZHYL/static/js/chunk-vendors.dba25de7.js:17
[  233346ms] [LOG] [system] App Launch false @ https://yspt.jinyangtong.cn/H5/ZHYL/static/js/chunk-vendors.dba25de7.js:17
[  233346ms] [LOG] [system] App Show @ https://yspt.jinyangtong.cn/H5/ZHYL/static/js/chunk-vendors.dba25de7.js:17
[  233440ms] [LOG] [system] 执行了 @ https://yspt.jinyangtong.cn/H5/ZHYL/static/js/chunk-vendors.dba25de7.js:17
[  233449ms] [LOG] [system] debugTag JSHandle@node @ https://yspt.jinyangtong.cn/H5/ZHYL/static/js/chunk-vendors.dba25de7.js:17
[  233473ms] [LOG] [system] 执行了 @ https://yspt.jinyangtong.cn/H5/ZHYL/static/js/chunk-vendors.dba25de7.js:17
[  233481ms] [LOG] [system] debugTag JSHandle@node @ https://yspt.jinyangtong.cn/H5/ZHYL/static/js/chunk-vendors.dba25de7.js:17
[  233491ms] [LOG] [system] Version:  undefined @ https://yspt.jinyangtong.cn/H5/ZHYL/static/js/chunk-vendors.dba25de7.js:17
[  233491ms] [LOG] initSoftDate： {ApplicationKey: PUBLIC-ZHYL-JYT, ApplicationURL: https://yspt.jinyangtong.cn, UpdateURL: http://www.shecuntong.cn:8002/Web/CheckUpdate.aspx…d=[@appKey]&os=[@osName]&curVersion=[@curVersion], FinishUpdateURL: http://www.shecuntong.cn:8002/Web/FinishUpdate.asp…d=[@appKey]&os=[@osName]&curVersion=[@curVersion], Version: -} @ https://yspt.jinyangtong.cn/H5/ZHYL/static/adapt-pc/main.js:10
[  233501ms] [LOG] [system] /H5 -query> {system: yhd, source: shecuntong} @ https://yspt.jinyangtong.cn/H5/ZHYL/static/js/chunk-vendors.dba25de7.js:17
[  233653ms] [LOG] [system] JYT @ https://yspt.jinyangtong.cn/H5/ZHYL/static/js/chunk-vendors.dba25de7.js:17
[  233653ms] [LOG] [system] 页面参数11 {"system":"yhd","source":"shecuntong"} @ https://yspt.jinyangtong.cn/H5/ZHYL/static/js/chunk-vendors.dba25de7.js:17
[  233682ms] [LOG] [system] JYT @ https://yspt.jinyangtong.cn/H5/ZHYL/static/js/chunk-vendors.dba25de7.js:17
[  233682ms] [LOG] [system] 页面参数11 {"system":"yhd","source":"shecuntong"} @ https://yspt.jinyangtong.cn/H5/ZHYL/static/js/chunk-vendors.dba25de7.js:17
[  233857ms] [LOG] [system] Version:  undefined @ https://yspt.jinyangtong.cn/H5/ZHYL/static/js/chunk-vendors.dba25de7.js:17
[  233857ms] [LOG] [system] /H5 -query> {system: yhd, source: shecuntong} @ https://yspt.jinyangtong.cn/H5/ZHYL/static/js/chunk-vendors.dba25de7.js:17
[  234408ms] [ERROR] [system] checkFreeLogin登录失败 请输入您的手机号再进行登录 @ https://yspt.jinyangtong.cn/H5/ZHYL/static/js/chunk-vendors.dba25de7.js:17
[  234408ms] [WARNING] [system] 请注意 showLoading 与 hideLoading 必须配对使用 @ https://yspt.jinyangtong.cn/H5/ZHYL/static/js/chunk-vendors.dba25de7.js:17
[  234415ms] Object
[  234467ms] [ERROR] [system] checkFreeLogin登录失败 请输入您的手机号再进行登录 @ https://yspt.jinyangtong.cn/H5/ZHYL/static/js/chunk-vendors.dba25de7.js:17
[  234468ms] [WARNING] [system] 请注意 showLoading 与 hideLoading 必须配对使用 @ https://yspt.jinyangtong.cn/H5/ZHYL/static/js/chunk-vendors.dba25de7.js:17
[  234469ms] Object
[  234936ms] [ERROR] Failed to load resource: the server responded with a status of 500 (Internal Server Error) @ https://yspt.jinyangtong.cn/api/kingon-system/check/checkPwd:0
[  234937ms] [LOG] [system] "密码/账号,解密失败" @ https://yspt.jinyangtong.cn/H5/ZHYL/static/js/chunk-vendors.dba25de7.js:17
[  234937ms] [ERROR] Failed to load resource: the server responded with a status of 500 (Internal Server Error) @ https://yspt.jinyangtong.cn/api/kingon-system/check/checkPwd:0
[  234937ms] [LOG] [system] "密码/账号,解密失败" @ https://yspt.jinyangtong.cn/H5/ZHYL/static/js/chunk-vendors.dba25de7.js:17
[  235181ms] [LOG] [system] 定位失败=={"errMsg":"getLocation:fail 来源域名未被授权, 解决方法见：https://lbs.qq.com/faq/serverFaq/webServiceKey，此次请求来源域名：yspt.jinyangtong.cn"} @ https://yspt.jinyangtong.cn/H5/ZHYL/static/js/chunk-vendors.dba25de7.js:17
[  235231ms] [LOG] [system] 定位失败=={"errMsg":"getLocation:fail 来源域名未被授权, 解决方法见：https://lbs.qq.com/faq/serverFaq/webServiceKey，此次请求来源域名：yspt.jinyangtong.cn"} @ https://yspt.jinyangtong.cn/H5/ZHYL/static/js/chunk-vendors.dba25de7.js:17
